<?xml version="1.0" encoding="UTF-8"?>
<testsuite xmlns:xsi="http://www.w3.org/2001/XMLSchema-instance" xsi:noNamespaceSchemaLocation="https://maven.apache.org/surefire/maven-surefire-plugin/xsd/surefire-test-report.xsd" name="com.company.project.CompanyFrameApplicationTests" time="6.599" tests="2" errors="0" skipped="0" failures="0">
  <properties>
    <property name="gopherProxySet" value="false"/>
    <property name="awt.toolkit" value="sun.lwawt.macosx.LWCToolkit"/>
    <property name="java.specification.version" value="11"/>
    <property name="sun.cpu.isalist" value=""/>
    <property name="sun.jnu.encoding" value="UTF-8"/>
    <property name="java.class.path" value="/Users/zhengjianzhong/work/code/gitee/1001/student_manager_system/target/test-classes:/Users/zhengjianzhong/work/code/gitee/1001/student_manager_system/target/classes:/Users/zhengjianzhong/.m2/repository/org/springframework/boot/spring-boot-starter-web/2.1.6.RELEASE/spring-boot-starter-web-2.1.6.RELEASE.jar:/Users/zhengjianzhong/.m2/repository/org/springframework/boot/spring-boot-starter/2.1.6.RELEASE/spring-boot-starter-2.1.6.RELEASE.jar:/Users/zhengjianzhong/.m2/repository/org/springframework/boot/spring-boot/2.1.6.RELEASE/spring-boot-2.1.6.RELEASE.jar:/Users/zhengjianzhong/.m2/repository/org/springframework/boot/spring-boot-starter-logging/2.1.6.RELEASE/spring-boot-starter-logging-2.1.6.RELEASE.jar:/Users/zhengjianzhong/.m2/repository/ch/qos/logback/logback-classic/1.2.3/logback-classic-1.2.3.jar:/Users/zhengjianzhong/.m2/repository/ch/qos/logback/logback-core/1.2.3/logback-core-1.2.3.jar:/Users/zhengjianzhong/.m2/repository/org/apache/logging/log4j/log4j-to-slf4j/2.11.2/log4j-to-slf4j-2.11.2.jar:/Users/zhengjianzhong/.m2/repository/org/apache/logging/log4j/log4j-api/2.11.2/log4j-api-2.11.2.jar:/Users/zhengjianzhong/.m2/repository/org/slf4j/jul-to-slf4j/1.7.26/jul-to-slf4j-1.7.26.jar:/Users/zhengjianzhong/.m2/repository/javax/annotation/javax.annotation-api/1.3.2/javax.annotation-api-1.3.2.jar:/Users/zhengjianzhong/.m2/repository/org/yaml/snakeyaml/1.23/snakeyaml-1.23.jar:/Users/zhengjianzhong/.m2/repository/org/springframework/boot/spring-boot-starter-json/2.1.6.RELEASE/spring-boot-starter-json-2.1.6.RELEASE.jar:/Users/zhengjianzhong/.m2/repository/com/fasterxml/jackson/core/jackson-databind/2.9.9/jackson-databind-2.9.9.jar:/Users/zhengjianzhong/.m2/repository/com/fasterxml/jackson/core/jackson-annotations/2.9.0/jackson-annotations-2.9.0.jar:/Users/zhengjianzhong/.m2/repository/com/fasterxml/jackson/core/jackson-core/2.9.9/jackson-core-2.9.9.jar:/Users/zhengjianzhong/.m2/repository/com/fasterxml/jackson/datatype/jackson-datatype-jdk8/2.9.9/jackson-datatype-jdk8-2.9.9.jar:/Users/zhengjianzhong/.m2/repository/com/fasterxml/jackson/datatype/jackson-datatype-jsr310/2.9.9/jackson-datatype-jsr310-2.9.9.jar:/Users/zhengjianzhong/.m2/repository/com/fasterxml/jackson/module/jackson-module-parameter-names/2.9.9/jackson-module-parameter-names-2.9.9.jar:/Users/zhengjianzhong/.m2/repository/org/springframework/boot/spring-boot-starter-tomcat/2.1.6.RELEASE/spring-boot-starter-tomcat-2.1.6.RELEASE.jar:/Users/zhengjianzhong/.m2/repository/org/apache/tomcat/embed/tomcat-embed-core/9.0.21/tomcat-embed-core-9.0.21.jar:/Users/zhengjianzhong/.m2/repository/org/apache/tomcat/embed/tomcat-embed-el/9.0.21/tomcat-embed-el-9.0.21.jar:/Users/zhengjianzhong/.m2/repository/org/apache/tomcat/embed/tomcat-embed-websocket/9.0.21/tomcat-embed-websocket-9.0.21.jar:/Users/zhengjianzhong/.m2/repository/org/hibernate/validator/hibernate-validator/6.0.17.Final/hibernate-validator-6.0.17.Final.jar:/Users/zhengjianzhong/.m2/repository/javax/validation/validation-api/2.0.1.Final/validation-api-2.0.1.Final.jar:/Users/zhengjianzhong/.m2/repository/org/jboss/logging/jboss-logging/3.3.2.Final/jboss-logging-3.3.2.Final.jar:/Users/zhengjianzhong/.m2/repository/com/fasterxml/classmate/1.4.0/classmate-1.4.0.jar:/Users/zhengjianzhong/.m2/repository/org/springframework/spring-web/5.1.8.RELEASE/spring-web-5.1.8.RELEASE.jar:/Users/zhengjianzhong/.m2/repository/org/springframework/spring-beans/5.1.8.RELEASE/spring-beans-5.1.8.RELEASE.jar:/Users/zhengjianzhong/.m2/repository/org/springframework/spring-webmvc/5.1.8.RELEASE/spring-webmvc-5.1.8.RELEASE.jar:/Users/zhengjianzhong/.m2/repository/org/springframework/spring-context/5.1.8.RELEASE/spring-context-5.1.8.RELEASE.jar:/Users/zhengjianzhong/.m2/repository/org/springframework/spring-expression/5.1.8.RELEASE/spring-expression-5.1.8.RELEASE.jar:/Users/zhengjianzhong/.m2/repository/org/springframework/boot/spring-boot-starter-test/2.1.6.RELEASE/spring-boot-starter-test-2.1.6.RELEASE.jar:/Users/zhengjianzhong/.m2/repository/org/springframework/boot/spring-boot-test/2.1.6.RELEASE/spring-boot-test-2.1.6.RELEASE.jar:/Users/zhengjianzhong/.m2/repository/org/springframework/boot/spring-boot-test-autoconfigure/2.1.6.RELEASE/spring-boot-test-autoconfigure-2.1.6.RELEASE.jar:/Users/zhengjianzhong/.m2/repository/com/jayway/jsonpath/json-path/2.4.0/json-path-2.4.0.jar:/Users/zhengjianzhong/.m2/repository/net/minidev/json-smart/2.3/json-smart-2.3.jar:/Users/zhengjianzhong/.m2/repository/net/minidev/accessors-smart/1.2/accessors-smart-1.2.jar:/Users/zhengjianzhong/.m2/repository/org/ow2/asm/asm/5.0.4/asm-5.0.4.jar:/Users/zhengjianzhong/.m2/repository/junit/junit/4.12/junit-4.12.jar:/Users/zhengjianzhong/.m2/repository/org/assertj/assertj-core/3.11.1/assertj-core-3.11.1.jar:/Users/zhengjianzhong/.m2/repository/org/mockito/mockito-core/2.23.4/mockito-core-2.23.4.jar:/Users/zhengjianzhong/.m2/repository/net/bytebuddy/byte-buddy/1.9.13/byte-buddy-1.9.13.jar:/Users/zhengjianzhong/.m2/repository/net/bytebuddy/byte-buddy-agent/1.9.13/byte-buddy-agent-1.9.13.jar:/Users/zhengjianzhong/.m2/repository/org/objenesis/objenesis/2.6/objenesis-2.6.jar:/Users/zhengjianzhong/.m2/repository/org/hamcrest/hamcrest-core/1.3/hamcrest-core-1.3.jar:/Users/zhengjianzhong/.m2/repository/org/hamcrest/hamcrest-library/1.3/hamcrest-library-1.3.jar:/Users/zhengjianzhong/.m2/repository/org/skyscreamer/jsonassert/1.5.0/jsonassert-1.5.0.jar:/Users/zhengjianzhong/.m2/repository/com/vaadin/external/google/android-json/0.0.20131108.vaadin1/android-json-0.0.20131108.vaadin1.jar:/Users/zhengjianzhong/.m2/repository/org/springframework/spring-core/5.1.8.RELEASE/spring-core-5.1.8.RELEASE.jar:/Users/zhengjianzhong/.m2/repository/org/springframework/spring-jcl/5.1.8.RELEASE/spring-jcl-5.1.8.RELEASE.jar:/Users/zhengjianzhong/.m2/repository/org/springframework/spring-test/5.1.8.RELEASE/spring-test-5.1.8.RELEASE.jar:/Users/zhengjianzhong/.m2/repository/org/xmlunit/xmlunit-core/2.6.2/xmlunit-core-2.6.2.jar:/Users/zhengjianzhong/.m2/repository/javax/xml/bind/jaxb-api/2.3.1/jaxb-api-2.3.1.jar:/Users/zhengjianzhong/.m2/repository/javax/activation/javax.activation-api/1.2.0/javax.activation-api-1.2.0.jar:/Users/zhengjianzhong/.m2/repository/org/springframework/boot/spring-boot-starter-aop/2.1.6.RELEASE/spring-boot-starter-aop-2.1.6.RELEASE.jar:/Users/zhengjianzhong/.m2/repository/org/springframework/spring-aop/5.1.8.RELEASE/spring-aop-5.1.8.RELEASE.jar:/Users/zhengjianzhong/.m2/repository/org/aspectj/aspectjweaver/1.9.4/aspectjweaver-1.9.4.jar:/Users/zhengjianzhong/.m2/repository/com/alibaba/druid-spring-boot-starter/1.1.10/druid-spring-boot-starter-1.1.10.jar:/Users/zhengjianzhong/.m2/repository/com/alibaba/druid/1.1.10/druid-1.1.10.jar:/Users/zhengjianzhong/.m2/repository/org/slf4j/slf4j-api/1.7.26/slf4j-api-1.7.26.jar:/Users/zhengjianzhong/.m2/repository/org/springframework/boot/spring-boot-autoconfigure/2.1.6.RELEASE/spring-boot-autoconfigure-2.1.6.RELEASE.jar:/Users/zhengjianzhong/.m2/repository/org/springframework/boot/spring-boot-starter-data-redis/2.1.6.RELEASE/spring-boot-starter-data-redis-2.1.6.RELEASE.jar:/Users/zhengjianzhong/.m2/repository/org/springframework/data/spring-data-redis/2.1.9.RELEASE/spring-data-redis-2.1.9.RELEASE.jar:/Users/zhengjianzhong/.m2/repository/org/springframework/data/spring-data-keyvalue/2.1.9.RELEASE/spring-data-keyvalue-2.1.9.RELEASE.jar:/Users/zhengjianzhong/.m2/repository/org/springframework/data/spring-data-commons/2.1.9.RELEASE/spring-data-commons-2.1.9.RELEASE.jar:/Users/zhengjianzhong/.m2/repository/org/springframework/spring-tx/5.1.8.RELEASE/spring-tx-5.1.8.RELEASE.jar:/Users/zhengjianzhong/.m2/repository/org/springframework/spring-oxm/5.1.8.RELEASE/spring-oxm-5.1.8.RELEASE.jar:/Users/zhengjianzhong/.m2/repository/org/springframework/spring-context-support/5.1.8.RELEASE/spring-context-support-5.1.8.RELEASE.jar:/Users/zhengjianzhong/.m2/repository/io/lettuce/lettuce-core/5.1.7.RELEASE/lettuce-core-5.1.7.RELEASE.jar:/Users/zhengjianzhong/.m2/repository/io/netty/netty-common/4.1.36.Final/netty-common-4.1.36.Final.jar:/Users/zhengjianzhong/.m2/repository/io/netty/netty-handler/4.1.36.Final/netty-handler-4.1.36.Final.jar:/Users/zhengjianzhong/.m2/repository/io/netty/netty-buffer/4.1.36.Final/netty-buffer-4.1.36.Final.jar:/Users/zhengjianzhong/.m2/repository/io/netty/netty-codec/4.1.36.Final/netty-codec-4.1.36.Final.jar:/Users/zhengjianzhong/.m2/repository/io/netty/netty-transport/4.1.36.Final/netty-transport-4.1.36.Final.jar:/Users/zhengjianzhong/.m2/repository/io/netty/netty-resolver/4.1.36.Final/netty-resolver-4.1.36.Final.jar:/Users/zhengjianzhong/.m2/repository/io/projectreactor/reactor-core/3.2.10.RELEASE/reactor-core-3.2.10.RELEASE.jar:/Users/zhengjianzhong/.m2/repository/org/reactivestreams/reactive-streams/1.0.2/reactive-streams-1.0.2.jar:/Users/zhengjianzhong/.m2/repository/org/apache/poi/poi/3.13/poi-3.13.jar:/Users/zhengjianzhong/.m2/repository/commons-codec/commons-codec/1.11/commons-codec-1.11.jar:/Users/zhengjianzhong/.m2/repository/org/apache/poi/poi-ooxml/3.13/poi-ooxml-3.13.jar:/Users/zhengjianzhong/.m2/repository/org/apache/poi/poi-ooxml-schemas/3.13/poi-ooxml-schemas-3.13.jar:/Users/zhengjianzhong/.m2/repository/org/apache/xmlbeans/xmlbeans/2.6.0/xmlbeans-2.6.0.jar:/Users/zhengjianzhong/.m2/repository/stax/stax-api/1.0.1/stax-api-1.0.1.jar:/Users/zhengjianzhong/.m2/repository/org/apache/commons/commons-lang3/3.7/commons-lang3-3.7.jar:/Users/zhengjianzhong/.m2/repository/org/apache/shiro/shiro-spring/1.4.0/shiro-spring-1.4.0.jar:/Users/zhengjianzhong/.m2/repository/org/apache/shiro/shiro-core/1.4.0/shiro-core-1.4.0.jar:/Users/zhengjianzhong/.m2/repository/org/apache/shiro/shiro-lang/1.4.0/shiro-lang-1.4.0.jar:/Users/zhengjianzhong/.m2/repository/org/apache/shiro/shiro-cache/1.4.0/shiro-cache-1.4.0.jar:/Users/zhengjianzhong/.m2/repository/org/apache/shiro/shiro-crypto-hash/1.4.0/shiro-crypto-hash-1.4.0.jar:/Users/zhengjianzhong/.m2/repository/org/apache/shiro/shiro-crypto-core/1.4.0/shiro-crypto-core-1.4.0.jar:/Users/zhengjianzhong/.m2/repository/org/apache/shiro/shiro-crypto-cipher/1.4.0/shiro-crypto-cipher-1.4.0.jar:/Users/zhengjianzhong/.m2/repository/org/apache/shiro/shiro-config-core/1.4.0/shiro-config-core-1.4.0.jar:/Users/zhengjianzhong/.m2/repository/org/apache/shiro/shiro-config-ogdl/1.4.0/shiro-config-ogdl-1.4.0.jar:/Users/zhengjianzhong/.m2/repository/commons-beanutils/commons-beanutils/1.9.3/commons-beanutils-1.9.3.jar:/Users/zhengjianzhong/.m2/repository/org/apache/shiro/shiro-event/1.4.0/shiro-event-1.4.0.jar:/Users/zhengjianzhong/.m2/repository/org/apache/shiro/shiro-web/1.4.0/shiro-web-1.4.0.jar:/Users/zhengjianzhong/.m2/repository/org/projectlombok/lombok/1.18.8/lombok-1.18.8.jar:/Users/zhengjianzhong/.m2/repository/com/alibaba/fastjson/1.2.74/fastjson-1.2.74.jar:/Users/zhengjianzhong/.m2/repository/org/springframework/boot/spring-boot-starter-thymeleaf/2.1.6.RELEASE/spring-boot-starter-thymeleaf-2.1.6.RELEASE.jar:/Users/zhengjianzhong/.m2/repository/org/thymeleaf/thymeleaf-spring5/3.0.11.RELEASE/thymeleaf-spring5-3.0.11.RELEASE.jar:/Users/zhengjianzhong/.m2/repository/org/thymeleaf/thymeleaf/3.0.11.RELEASE/thymeleaf-3.0.11.RELEASE.jar:/Users/zhengjianzhong/.m2/repository/org/attoparser/attoparser/2.0.5.RELEASE/attoparser-2.0.5.RELEASE.jar:/Users/zhengjianzhong/.m2/repository/org/unbescape/unbescape/1.1.6.RELEASE/unbescape-1.1.6.RELEASE.jar:/Users/zhengjianzhong/.m2/repository/org/thymeleaf/extras/thymeleaf-extras-java8time/3.0.4.RELEASE/thymeleaf-extras-java8time-3.0.4.RELEASE.jar:/Users/zhengjianzhong/.m2/repository/com/github/theborakompanioni/thymeleaf-extras-shiro/2.0.0/thymeleaf-extras-shiro-2.0.0.jar:/Users/zhengjianzhong/.m2/repository/com/baomidou/dynamic-datasource-spring-boot-starter/2.5.5/dynamic-datasource-spring-boot-starter-2.5.5.jar:/Users/zhengjianzhong/.m2/repository/org/springframework/boot/spring-boot-starter-jdbc/2.1.6.RELEASE/spring-boot-starter-jdbc-2.1.6.RELEASE.jar:/Users/zhengjianzhong/.m2/repository/com/zaxxer/HikariCP/3.2.0/HikariCP-3.2.0.jar:/Users/zhengjianzhong/.m2/repository/org/springframework/spring-jdbc/5.1.8.RELEASE/spring-jdbc-5.1.8.RELEASE.jar:/Users/zhengjianzhong/.m2/repository/com/baomidou/mybatis-plus/3.4.0/mybatis-plus-3.4.0.jar:/Users/zhengjianzhong/.m2/repository/com/baomidou/mybatis-plus-extension/3.4.0/mybatis-plus-extension-3.4.0.jar:/Users/zhengjianzhong/.m2/repository/com/baomidou/mybatis-plus-core/3.4.0/mybatis-plus-core-3.4.0.jar:/Users/zhengjianzhong/.m2/repository/com/baomidou/mybatis-plus-annotation/3.4.0/mybatis-plus-annotation-3.4.0.jar:/Users/zhengjianzhong/.m2/repository/com/github/jsqlparser/jsqlparser/3.2/jsqlparser-3.2.jar:/Users/zhengjianzhong/.m2/repository/org/mybatis/mybatis/3.5.5/mybatis-3.5.5.jar:/Users/zhengjianzhong/.m2/repository/org/mybatis/mybatis-spring/2.0.5/mybatis-spring-2.0.5.jar:/Users/zhengjianzhong/.m2/repository/com/baomidou/mybatis-plus-boot-starter/3.4.0/mybatis-plus-boot-starter-3.4.0.jar:/Users/zhengjianzhong/.m2/repository/mysql/mysql-connector-java/8.0.16/mysql-connector-java-8.0.16.jar:/Users/zhengjianzhong/.m2/repository/com/oracle/ojdbc6/12.1.0.1-atlassian-hosted/ojdbc6-12.1.0.1-atlassian-hosted.jar:/Users/zhengjianzhong/.m2/repository/com/microsoft/sqlserver/sqljdbc4/4.0/sqljdbc4-4.0.jar:/Users/zhengjianzhong/.m2/repository/com/github/xiaoymin/knife4j-spring-boot-starter/2.0.2/knife4j-spring-boot-starter-2.0.2.jar:/Users/zhengjianzhong/.m2/repository/com/github/xiaoymin/knife4j-spring-boot-autoconfigure/2.0.2/knife4j-spring-boot-autoconfigure-2.0.2.jar:/Users/zhengjianzhong/.m2/repository/com/github/xiaoymin/knife4j-spring/2.0.2/knife4j-spring-2.0.2.jar:/Users/zhengjianzhong/.m2/repository/com/github/xiaoymin/knife4j-annotations/2.0.2/knife4j-annotations-2.0.2.jar:/Users/zhengjianzhong/.m2/repository/com/github/xiaoymin/knife4j-core/2.0.2/knife4j-core-2.0.2.jar:/Users/zhengjianzhong/.m2/repository/org/javassist/javassist/3.25.0-GA/javassist-3.25.0-GA.jar:/Users/zhengjianzhong/.m2/repository/io/swagger/swagger-models/1.5.22/swagger-models-1.5.22.jar:/Users/zhengjianzhong/.m2/repository/io/swagger/swagger-annotations/1.5.22/swagger-annotations-1.5.22.jar:/Users/zhengjianzhong/.m2/repository/io/springfox/springfox-swagger2/2.9.2/springfox-swagger2-2.9.2.jar:/Users/zhengjianzhong/.m2/repository/io/springfox/springfox-spi/2.9.2/springfox-spi-2.9.2.jar:/Users/zhengjianzhong/.m2/repository/io/springfox/springfox-core/2.9.2/springfox-core-2.9.2.jar:/Users/zhengjianzhong/.m2/repository/io/springfox/springfox-schema/2.9.2/springfox-schema-2.9.2.jar:/Users/zhengjianzhong/.m2/repository/io/springfox/springfox-swagger-common/2.9.2/springfox-swagger-common-2.9.2.jar:/Users/zhengjianzhong/.m2/repository/io/springfox/springfox-spring-web/2.9.2/springfox-spring-web-2.9.2.jar:/Users/zhengjianzhong/.m2/repository/com/google/guava/guava/20.0/guava-20.0.jar:/Users/zhengjianzhong/.m2/repository/org/springframework/plugin/spring-plugin-core/1.2.0.RELEASE/spring-plugin-core-1.2.0.RELEASE.jar:/Users/zhengjianzhong/.m2/repository/org/springframework/plugin/spring-plugin-metadata/1.2.0.RELEASE/spring-plugin-metadata-1.2.0.RELEASE.jar:/Users/zhengjianzhong/.m2/repository/org/mapstruct/mapstruct/1.2.0.Final/mapstruct-1.2.0.Final.jar:/Users/zhengjianzhong/.m2/repository/io/springfox/springfox-bean-validators/2.9.2/springfox-bean-validators-2.9.2.jar:/Users/zhengjianzhong/.m2/repository/com/github/xiaoymin/knife4j-spring-ui/2.0.2/knife4j-spring-ui-2.0.2.jar:/Users/zhengjianzhong/.m2/repository/commons-lang/commons-lang/2.6/commons-lang-2.6.jar:/Users/zhengjianzhong/.m2/repository/commons-io/commons-io/2.5/commons-io-2.5.jar:/Users/zhengjianzhong/.m2/repository/commons-configuration/commons-configuration/1.10/commons-configuration-1.10.jar:/Users/zhengjianzhong/.m2/repository/commons-logging/commons-logging/1.1.1/commons-logging-1.1.1.jar:/Users/zhengjianzhong/.m2/repository/org/apache/velocity/velocity/1.7/velocity-1.7.jar:/Users/zhengjianzhong/.m2/repository/commons-collections/commons-collections/3.2.1/commons-collections-3.2.1.jar:/Users/zhengjianzhong/.m2/repository/org/quartz-scheduler/quartz/2.3.2/quartz-2.3.2.jar:/Users/zhengjianzhong/.m2/repository/com/mchange/mchange-commons-java/0.2.15/mchange-commons-java-0.2.15.jar:/Users/zhengjianzhong/.m2/repository/com/github/whvcse/easy-captcha/1.6.2/easy-captcha-1.6.2.jar:/Users/zhengjianzhong/.m2/repository/org/jetbrains/annotations/13.0/annotations-13.0.jar:"/>
    <property name="java.vm.vendor" value="Azul Systems, Inc."/>
    <property name="sun.arch.data.model" value="64"/>
    <property name="java.vendor.url" value="http://www.azul.com/"/>
    <property name="user.timezone" value=""/>
    <property name="java.vm.specification.version" value="11"/>
    <property name="os.name" value="Mac OS X"/>
    <property name="sun.java.launcher" value="SUN_STANDARD"/>
    <property name="user.country" value="CN"/>
    <property name="sun.boot.library.path" value="/Library/Java/JavaVirtualMachines/zulu-11.jdk/Contents/Home/lib"/>
    <property name="sun.java.command" value="/Users/zhengjianzhong/work/code/gitee/1001/student_manager_system/target/surefire/surefirebooter11786781359031660114.jar /Users/zhengjianzhong/work/code/gitee/1001/student_manager_system/target/surefire 2023-03-10T14-50-08_907-jvmRun1 surefire11411994951475574590tmp surefire_01721550155392195670tmp"/>
    <property name="jdk.debug" value="release"/>
    <property name="surefire.test.class.path" value="/Users/zhengjianzhong/work/code/gitee/1001/student_manager_system/target/test-classes:/Users/zhengjianzhong/work/code/gitee/1001/student_manager_system/target/classes:/Users/zhengjianzhong/.m2/repository/org/springframework/boot/spring-boot-starter-web/2.1.6.RELEASE/spring-boot-starter-web-2.1.6.RELEASE.jar:/Users/zhengjianzhong/.m2/repository/org/springframework/boot/spring-boot-starter/2.1.6.RELEASE/spring-boot-starter-2.1.6.RELEASE.jar:/Users/zhengjianzhong/.m2/repository/org/springframework/boot/spring-boot/2.1.6.RELEASE/spring-boot-2.1.6.RELEASE.jar:/Users/zhengjianzhong/.m2/repository/org/springframework/boot/spring-boot-starter-logging/2.1.6.RELEASE/spring-boot-starter-logging-2.1.6.RELEASE.jar:/Users/zhengjianzhong/.m2/repository/ch/qos/logback/logback-classic/1.2.3/logback-classic-1.2.3.jar:/Users/zhengjianzhong/.m2/repository/ch/qos/logback/logback-core/1.2.3/logback-core-1.2.3.jar:/Users/zhengjianzhong/.m2/repository/org/apache/logging/log4j/log4j-to-slf4j/2.11.2/log4j-to-slf4j-2.11.2.jar:/Users/zhengjianzhong/.m2/repository/org/apache/logging/log4j/log4j-api/2.11.2/log4j-api-2.11.2.jar:/Users/zhengjianzhong/.m2/repository/org/slf4j/jul-to-slf4j/1.7.26/jul-to-slf4j-1.7.26.jar:/Users/zhengjianzhong/.m2/repository/javax/annotation/javax.annotation-api/1.3.2/javax.annotation-api-1.3.2.jar:/Users/zhengjianzhong/.m2/repository/org/yaml/snakeyaml/1.23/snakeyaml-1.23.jar:/Users/zhengjianzhong/.m2/repository/org/springframework/boot/spring-boot-starter-json/2.1.6.RELEASE/spring-boot-starter-json-2.1.6.RELEASE.jar:/Users/zhengjianzhong/.m2/repository/com/fasterxml/jackson/core/jackson-databind/2.9.9/jackson-databind-2.9.9.jar:/Users/zhengjianzhong/.m2/repository/com/fasterxml/jackson/core/jackson-annotations/2.9.0/jackson-annotations-2.9.0.jar:/Users/zhengjianzhong/.m2/repository/com/fasterxml/jackson/core/jackson-core/2.9.9/jackson-core-2.9.9.jar:/Users/zhengjianzhong/.m2/repository/com/fasterxml/jackson/datatype/jackson-datatype-jdk8/2.9.9/jackson-datatype-jdk8-2.9.9.jar:/Users/zhengjianzhong/.m2/repository/com/fasterxml/jackson/datatype/jackson-datatype-jsr310/2.9.9/jackson-datatype-jsr310-2.9.9.jar:/Users/zhengjianzhong/.m2/repository/com/fasterxml/jackson/module/jackson-module-parameter-names/2.9.9/jackson-module-parameter-names-2.9.9.jar:/Users/zhengjianzhong/.m2/repository/org/springframework/boot/spring-boot-starter-tomcat/2.1.6.RELEASE/spring-boot-starter-tomcat-2.1.6.RELEASE.jar:/Users/zhengjianzhong/.m2/repository/org/apache/tomcat/embed/tomcat-embed-core/9.0.21/tomcat-embed-core-9.0.21.jar:/Users/zhengjianzhong/.m2/repository/org/apache/tomcat/embed/tomcat-embed-el/9.0.21/tomcat-embed-el-9.0.21.jar:/Users/zhengjianzhong/.m2/repository/org/apache/tomcat/embed/tomcat-embed-websocket/9.0.21/tomcat-embed-websocket-9.0.21.jar:/Users/zhengjianzhong/.m2/repository/org/hibernate/validator/hibernate-validator/6.0.17.Final/hibernate-validator-6.0.17.Final.jar:/Users/zhengjianzhong/.m2/repository/javax/validation/validation-api/2.0.1.Final/validation-api-2.0.1.Final.jar:/Users/zhengjianzhong/.m2/repository/org/jboss/logging/jboss-logging/3.3.2.Final/jboss-logging-3.3.2.Final.jar:/Users/zhengjianzhong/.m2/repository/com/fasterxml/classmate/1.4.0/classmate-1.4.0.jar:/Users/zhengjianzhong/.m2/repository/org/springframework/spring-web/5.1.8.RELEASE/spring-web-5.1.8.RELEASE.jar:/Users/zhengjianzhong/.m2/repository/org/springframework/spring-beans/5.1.8.RELEASE/spring-beans-5.1.8.RELEASE.jar:/Users/zhengjianzhong/.m2/repository/org/springframework/spring-webmvc/5.1.8.RELEASE/spring-webmvc-5.1.8.RELEASE.jar:/Users/zhengjianzhong/.m2/repository/org/springframework/spring-context/5.1.8.RELEASE/spring-context-5.1.8.RELEASE.jar:/Users/zhengjianzhong/.m2/repository/org/springframework/spring-expression/5.1.8.RELEASE/spring-expression-5.1.8.RELEASE.jar:/Users/zhengjianzhong/.m2/repository/org/springframework/boot/spring-boot-starter-test/2.1.6.RELEASE/spring-boot-starter-test-2.1.6.RELEASE.jar:/Users/zhengjianzhong/.m2/repository/org/springframework/boot/spring-boot-test/2.1.6.RELEASE/spring-boot-test-2.1.6.RELEASE.jar:/Users/zhengjianzhong/.m2/repository/org/springframework/boot/spring-boot-test-autoconfigure/2.1.6.RELEASE/spring-boot-test-autoconfigure-2.1.6.RELEASE.jar:/Users/zhengjianzhong/.m2/repository/com/jayway/jsonpath/json-path/2.4.0/json-path-2.4.0.jar:/Users/zhengjianzhong/.m2/repository/net/minidev/json-smart/2.3/json-smart-2.3.jar:/Users/zhengjianzhong/.m2/repository/net/minidev/accessors-smart/1.2/accessors-smart-1.2.jar:/Users/zhengjianzhong/.m2/repository/org/ow2/asm/asm/5.0.4/asm-5.0.4.jar:/Users/zhengjianzhong/.m2/repository/junit/junit/4.12/junit-4.12.jar:/Users/zhengjianzhong/.m2/repository/org/assertj/assertj-core/3.11.1/assertj-core-3.11.1.jar:/Users/zhengjianzhong/.m2/repository/org/mockito/mockito-core/2.23.4/mockito-core-2.23.4.jar:/Users/zhengjianzhong/.m2/repository/net/bytebuddy/byte-buddy/1.9.13/byte-buddy-1.9.13.jar:/Users/zhengjianzhong/.m2/repository/net/bytebuddy/byte-buddy-agent/1.9.13/byte-buddy-agent-1.9.13.jar:/Users/zhengjianzhong/.m2/repository/org/objenesis/objenesis/2.6/objenesis-2.6.jar:/Users/zhengjianzhong/.m2/repository/org/hamcrest/hamcrest-core/1.3/hamcrest-core-1.3.jar:/Users/zhengjianzhong/.m2/repository/org/hamcrest/hamcrest-library/1.3/hamcrest-library-1.3.jar:/Users/zhengjianzhong/.m2/repository/org/skyscreamer/jsonassert/1.5.0/jsonassert-1.5.0.jar:/Users/zhengjianzhong/.m2/repository/com/vaadin/external/google/android-json/0.0.20131108.vaadin1/android-json-0.0.20131108.vaadin1.jar:/Users/zhengjianzhong/.m2/repository/org/springframework/spring-core/5.1.8.RELEASE/spring-core-5.1.8.RELEASE.jar:/Users/zhengjianzhong/.m2/repository/org/springframework/spring-jcl/5.1.8.RELEASE/spring-jcl-5.1.8.RELEASE.jar:/Users/zhengjianzhong/.m2/repository/org/springframework/spring-test/5.1.8.RELEASE/spring-test-5.1.8.RELEASE.jar:/Users/zhengjianzhong/.m2/repository/org/xmlunit/xmlunit-core/2.6.2/xmlunit-core-2.6.2.jar:/Users/zhengjianzhong/.m2/repository/javax/xml/bind/jaxb-api/2.3.1/jaxb-api-2.3.1.jar:/Users/zhengjianzhong/.m2/repository/javax/activation/javax.activation-api/1.2.0/javax.activation-api-1.2.0.jar:/Users/zhengjianzhong/.m2/repository/org/springframework/boot/spring-boot-starter-aop/2.1.6.RELEASE/spring-boot-starter-aop-2.1.6.RELEASE.jar:/Users/zhengjianzhong/.m2/repository/org/springframework/spring-aop/5.1.8.RELEASE/spring-aop-5.1.8.RELEASE.jar:/Users/zhengjianzhong/.m2/repository/org/aspectj/aspectjweaver/1.9.4/aspectjweaver-1.9.4.jar:/Users/zhengjianzhong/.m2/repository/com/alibaba/druid-spring-boot-starter/1.1.10/druid-spring-boot-starter-1.1.10.jar:/Users/zhengjianzhong/.m2/repository/com/alibaba/druid/1.1.10/druid-1.1.10.jar:/Users/zhengjianzhong/.m2/repository/org/slf4j/slf4j-api/1.7.26/slf4j-api-1.7.26.jar:/Users/zhengjianzhong/.m2/repository/org/springframework/boot/spring-boot-autoconfigure/2.1.6.RELEASE/spring-boot-autoconfigure-2.1.6.RELEASE.jar:/Users/zhengjianzhong/.m2/repository/org/springframework/boot/spring-boot-starter-data-redis/2.1.6.RELEASE/spring-boot-starter-data-redis-2.1.6.RELEASE.jar:/Users/zhengjianzhong/.m2/repository/org/springframework/data/spring-data-redis/2.1.9.RELEASE/spring-data-redis-2.1.9.RELEASE.jar:/Users/zhengjianzhong/.m2/repository/org/springframework/data/spring-data-keyvalue/2.1.9.RELEASE/spring-data-keyvalue-2.1.9.RELEASE.jar:/Users/zhengjianzhong/.m2/repository/org/springframework/data/spring-data-commons/2.1.9.RELEASE/spring-data-commons-2.1.9.RELEASE.jar:/Users/zhengjianzhong/.m2/repository/org/springframework/spring-tx/5.1.8.RELEASE/spring-tx-5.1.8.RELEASE.jar:/Users/zhengjianzhong/.m2/repository/org/springframework/spring-oxm/5.1.8.RELEASE/spring-oxm-5.1.8.RELEASE.jar:/Users/zhengjianzhong/.m2/repository/org/springframework/spring-context-support/5.1.8.RELEASE/spring-context-support-5.1.8.RELEASE.jar:/Users/zhengjianzhong/.m2/repository/io/lettuce/lettuce-core/5.1.7.RELEASE/lettuce-core-5.1.7.RELEASE.jar:/Users/zhengjianzhong/.m2/repository/io/netty/netty-common/4.1.36.Final/netty-common-4.1.36.Final.jar:/Users/zhengjianzhong/.m2/repository/io/netty/netty-handler/4.1.36.Final/netty-handler-4.1.36.Final.jar:/Users/zhengjianzhong/.m2/repository/io/netty/netty-buffer/4.1.36.Final/netty-buffer-4.1.36.Final.jar:/Users/zhengjianzhong/.m2/repository/io/netty/netty-codec/4.1.36.Final/netty-codec-4.1.36.Final.jar:/Users/zhengjianzhong/.m2/repository/io/netty/netty-transport/4.1.36.Final/netty-transport-4.1.36.Final.jar:/Users/zhengjianzhong/.m2/repository/io/netty/netty-resolver/4.1.36.Final/netty-resolver-4.1.36.Final.jar:/Users/zhengjianzhong/.m2/repository/io/projectreactor/reactor-core/3.2.10.RELEASE/reactor-core-3.2.10.RELEASE.jar:/Users/zhengjianzhong/.m2/repository/org/reactivestreams/reactive-streams/1.0.2/reactive-streams-1.0.2.jar:/Users/zhengjianzhong/.m2/repository/org/apache/poi/poi/3.13/poi-3.13.jar:/Users/zhengjianzhong/.m2/repository/commons-codec/commons-codec/1.11/commons-codec-1.11.jar:/Users/zhengjianzhong/.m2/repository/org/apache/poi/poi-ooxml/3.13/poi-ooxml-3.13.jar:/Users/zhengjianzhong/.m2/repository/org/apache/poi/poi-ooxml-schemas/3.13/poi-ooxml-schemas-3.13.jar:/Users/zhengjianzhong/.m2/repository/org/apache/xmlbeans/xmlbeans/2.6.0/xmlbeans-2.6.0.jar:/Users/zhengjianzhong/.m2/repository/stax/stax-api/1.0.1/stax-api-1.0.1.jar:/Users/zhengjianzhong/.m2/repository/org/apache/commons/commons-lang3/3.7/commons-lang3-3.7.jar:/Users/zhengjianzhong/.m2/repository/org/apache/shiro/shiro-spring/1.4.0/shiro-spring-1.4.0.jar:/Users/zhengjianzhong/.m2/repository/org/apache/shiro/shiro-core/1.4.0/shiro-core-1.4.0.jar:/Users/zhengjianzhong/.m2/repository/org/apache/shiro/shiro-lang/1.4.0/shiro-lang-1.4.0.jar:/Users/zhengjianzhong/.m2/repository/org/apache/shiro/shiro-cache/1.4.0/shiro-cache-1.4.0.jar:/Users/zhengjianzhong/.m2/repository/org/apache/shiro/shiro-crypto-hash/1.4.0/shiro-crypto-hash-1.4.0.jar:/Users/zhengjianzhong/.m2/repository/org/apache/shiro/shiro-crypto-core/1.4.0/shiro-crypto-core-1.4.0.jar:/Users/zhengjianzhong/.m2/repository/org/apache/shiro/shiro-crypto-cipher/1.4.0/shiro-crypto-cipher-1.4.0.jar:/Users/zhengjianzhong/.m2/repository/org/apache/shiro/shiro-config-core/1.4.0/shiro-config-core-1.4.0.jar:/Users/zhengjianzhong/.m2/repository/org/apache/shiro/shiro-config-ogdl/1.4.0/shiro-config-ogdl-1.4.0.jar:/Users/zhengjianzhong/.m2/repository/commons-beanutils/commons-beanutils/1.9.3/commons-beanutils-1.9.3.jar:/Users/zhengjianzhong/.m2/repository/org/apache/shiro/shiro-event/1.4.0/shiro-event-1.4.0.jar:/Users/zhengjianzhong/.m2/repository/org/apache/shiro/shiro-web/1.4.0/shiro-web-1.4.0.jar:/Users/zhengjianzhong/.m2/repository/org/projectlombok/lombok/1.18.8/lombok-1.18.8.jar:/Users/zhengjianzhong/.m2/repository/com/alibaba/fastjson/1.2.74/fastjson-1.2.74.jar:/Users/zhengjianzhong/.m2/repository/org/springframework/boot/spring-boot-starter-thymeleaf/2.1.6.RELEASE/spring-boot-starter-thymeleaf-2.1.6.RELEASE.jar:/Users/zhengjianzhong/.m2/repository/org/thymeleaf/thymeleaf-spring5/3.0.11.RELEASE/thymeleaf-spring5-3.0.11.RELEASE.jar:/Users/zhengjianzhong/.m2/repository/org/thymeleaf/thymeleaf/3.0.11.RELEASE/thymeleaf-3.0.11.RELEASE.jar:/Users/zhengjianzhong/.m2/repository/org/attoparser/attoparser/2.0.5.RELEASE/attoparser-2.0.5.RELEASE.jar:/Users/zhengjianzhong/.m2/repository/org/unbescape/unbescape/1.1.6.RELEASE/unbescape-1.1.6.RELEASE.jar:/Users/zhengjianzhong/.m2/repository/org/thymeleaf/extras/thymeleaf-extras-java8time/3.0.4.RELEASE/thymeleaf-extras-java8time-3.0.4.RELEASE.jar:/Users/zhengjianzhong/.m2/repository/com/github/theborakompanioni/thymeleaf-extras-shiro/2.0.0/thymeleaf-extras-shiro-2.0.0.jar:/Users/zhengjianzhong/.m2/repository/com/baomidou/dynamic-datasource-spring-boot-starter/2.5.5/dynamic-datasource-spring-boot-starter-2.5.5.jar:/Users/zhengjianzhong/.m2/repository/org/springframework/boot/spring-boot-starter-jdbc/2.1.6.RELEASE/spring-boot-starter-jdbc-2.1.6.RELEASE.jar:/Users/zhengjianzhong/.m2/repository/com/zaxxer/HikariCP/3.2.0/HikariCP-3.2.0.jar:/Users/zhengjianzhong/.m2/repository/org/springframework/spring-jdbc/5.1.8.RELEASE/spring-jdbc-5.1.8.RELEASE.jar:/Users/zhengjianzhong/.m2/repository/com/baomidou/mybatis-plus/3.4.0/mybatis-plus-3.4.0.jar:/Users/zhengjianzhong/.m2/repository/com/baomidou/mybatis-plus-extension/3.4.0/mybatis-plus-extension-3.4.0.jar:/Users/zhengjianzhong/.m2/repository/com/baomidou/mybatis-plus-core/3.4.0/mybatis-plus-core-3.4.0.jar:/Users/zhengjianzhong/.m2/repository/com/baomidou/mybatis-plus-annotation/3.4.0/mybatis-plus-annotation-3.4.0.jar:/Users/zhengjianzhong/.m2/repository/com/github/jsqlparser/jsqlparser/3.2/jsqlparser-3.2.jar:/Users/zhengjianzhong/.m2/repository/org/mybatis/mybatis/3.5.5/mybatis-3.5.5.jar:/Users/zhengjianzhong/.m2/repository/org/mybatis/mybatis-spring/2.0.5/mybatis-spring-2.0.5.jar:/Users/zhengjianzhong/.m2/repository/com/baomidou/mybatis-plus-boot-starter/3.4.0/mybatis-plus-boot-starter-3.4.0.jar:/Users/zhengjianzhong/.m2/repository/mysql/mysql-connector-java/8.0.16/mysql-connector-java-8.0.16.jar:/Users/zhengjianzhong/.m2/repository/com/oracle/ojdbc6/12.1.0.1-atlassian-hosted/ojdbc6-12.1.0.1-atlassian-hosted.jar:/Users/zhengjianzhong/.m2/repository/com/microsoft/sqlserver/sqljdbc4/4.0/sqljdbc4-4.0.jar:/Users/zhengjianzhong/.m2/repository/com/github/xiaoymin/knife4j-spring-boot-starter/2.0.2/knife4j-spring-boot-starter-2.0.2.jar:/Users/zhengjianzhong/.m2/repository/com/github/xiaoymin/knife4j-spring-boot-autoconfigure/2.0.2/knife4j-spring-boot-autoconfigure-2.0.2.jar:/Users/zhengjianzhong/.m2/repository/com/github/xiaoymin/knife4j-spring/2.0.2/knife4j-spring-2.0.2.jar:/Users/zhengjianzhong/.m2/repository/com/github/xiaoymin/knife4j-annotations/2.0.2/knife4j-annotations-2.0.2.jar:/Users/zhengjianzhong/.m2/repository/com/github/xiaoymin/knife4j-core/2.0.2/knife4j-core-2.0.2.jar:/Users/zhengjianzhong/.m2/repository/org/javassist/javassist/3.25.0-GA/javassist-3.25.0-GA.jar:/Users/zhengjianzhong/.m2/repository/io/swagger/swagger-models/1.5.22/swagger-models-1.5.22.jar:/Users/zhengjianzhong/.m2/repository/io/swagger/swagger-annotations/1.5.22/swagger-annotations-1.5.22.jar:/Users/zhengjianzhong/.m2/repository/io/springfox/springfox-swagger2/2.9.2/springfox-swagger2-2.9.2.jar:/Users/zhengjianzhong/.m2/repository/io/springfox/springfox-spi/2.9.2/springfox-spi-2.9.2.jar:/Users/zhengjianzhong/.m2/repository/io/springfox/springfox-core/2.9.2/springfox-core-2.9.2.jar:/Users/zhengjianzhong/.m2/repository/io/springfox/springfox-schema/2.9.2/springfox-schema-2.9.2.jar:/Users/zhengjianzhong/.m2/repository/io/springfox/springfox-swagger-common/2.9.2/springfox-swagger-common-2.9.2.jar:/Users/zhengjianzhong/.m2/repository/io/springfox/springfox-spring-web/2.9.2/springfox-spring-web-2.9.2.jar:/Users/zhengjianzhong/.m2/repository/com/google/guava/guava/20.0/guava-20.0.jar:/Users/zhengjianzhong/.m2/repository/org/springframework/plugin/spring-plugin-core/1.2.0.RELEASE/spring-plugin-core-1.2.0.RELEASE.jar:/Users/zhengjianzhong/.m2/repository/org/springframework/plugin/spring-plugin-metadata/1.2.0.RELEASE/spring-plugin-metadata-1.2.0.RELEASE.jar:/Users/zhengjianzhong/.m2/repository/org/mapstruct/mapstruct/1.2.0.Final/mapstruct-1.2.0.Final.jar:/Users/zhengjianzhong/.m2/repository/io/springfox/springfox-bean-validators/2.9.2/springfox-bean-validators-2.9.2.jar:/Users/zhengjianzhong/.m2/repository/com/github/xiaoymin/knife4j-spring-ui/2.0.2/knife4j-spring-ui-2.0.2.jar:/Users/zhengjianzhong/.m2/repository/commons-lang/commons-lang/2.6/commons-lang-2.6.jar:/Users/zhengjianzhong/.m2/repository/commons-io/commons-io/2.5/commons-io-2.5.jar:/Users/zhengjianzhong/.m2/repository/commons-configuration/commons-configuration/1.10/commons-configuration-1.10.jar:/Users/zhengjianzhong/.m2/repository/commons-logging/commons-logging/1.1.1/commons-logging-1.1.1.jar:/Users/zhengjianzhong/.m2/repository/org/apache/velocity/velocity/1.7/velocity-1.7.jar:/Users/zhengjianzhong/.m2/repository/commons-collections/commons-collections/3.2.1/commons-collections-3.2.1.jar:/Users/zhengjianzhong/.m2/repository/org/quartz-scheduler/quartz/2.3.2/quartz-2.3.2.jar:/Users/zhengjianzhong/.m2/repository/com/mchange/mchange-commons-java/0.2.15/mchange-commons-java-0.2.15.jar:/Users/zhengjianzhong/.m2/repository/com/github/whvcse/easy-captcha/1.6.2/easy-captcha-1.6.2.jar:/Users/zhengjianzhong/.m2/repository/org/jetbrains/annotations/13.0/annotations-13.0.jar:"/>
    <property name="sun.cpu.endian" value="little"/>
    <property name="user.home" value="/Users/zhengjianzhong"/>
    <property name="user.language" value="zh"/>
    <property name="java.specification.vendor" value="Oracle Corporation"/>
    <property name="java.version.date" value="2021-07-20"/>
    <property name="java.home" value="/Library/Java/JavaVirtualMachines/zulu-11.jdk/Contents/Home"/>
    <property name="file.separator" value="/"/>
    <property name="basedir" value="/Users/zhengjianzhong/work/code/gitee/1001/student_manager_system"/>
    <property name="java.vm.compressedOopsMode" value="Zero based"/>
    <property name="line.separator" value="&#10;"/>
    <property name="java.specification.name" value="Java Platform API Specification"/>
    <property name="java.vm.specification.vendor" value="Oracle Corporation"/>
    <property name="jdk.vendor.version" value="Zulu11.50+19-CA"/>
    <property name="java.awt.graphicsenv" value="sun.awt.CGraphicsEnvironment"/>
    <property name="surefire.real.class.path" value="/Users/zhengjianzhong/work/code/gitee/1001/student_manager_system/target/surefire/surefirebooter11786781359031660114.jar"/>
    <property name="user.script" value="Hans"/>
    <property name="sun.management.compiler" value="HotSpot 64-Bit Tiered Compilers"/>
    <property name="java.runtime.version" value="11.0.12+7-LTS"/>
    <property name="user.name" value="zhengjianzhong"/>
    <property name="path.separator" value=":"/>
    <property name="os.version" value="12.1"/>
    <property name="java.runtime.name" value="OpenJDK Runtime Environment"/>
    <property name="file.encoding" value="UTF-8"/>
    <property name="java.vm.name" value="OpenJDK 64-Bit Server VM"/>
    <property name="java.vendor.version" value="Zulu11.50+19-CA"/>
    <property name="localRepository" value="/Users/zhengjianzhong/.m2/repository"/>
    <property name="java.vendor.url.bug" value="http://www.azul.com/support/"/>
    <property name="java.io.tmpdir" value="/var/folders/xk/9qgddkvn0nnf01jbxx9z_5_40000gn/T/"/>
    <property name="idea.version" value="2021.2.2"/>
    <property name="java.version" value="11.0.12"/>
    <property name="user.dir" value="/Users/zhengjianzhong/work/code/gitee/1001/student_manager_system"/>
    <property name="os.arch" value="aarch64"/>
    <property name="java.vm.specification.name" value="Java Virtual Machine Specification"/>
    <property name="java.awt.printerjob" value="sun.lwawt.macosx.CPrinterJob"/>
    <property name="sun.os.patch.level" value="unknown"/>
    <property name="java.library.path" value="/Users/zhengjianzhong/Library/Java/Extensions:/Library/Java/Extensions:/Network/Library/Java/Extensions:/System/Library/Java/Extensions:/usr/lib/java:."/>
    <property name="java.vm.info" value="mixed mode"/>
    <property name="java.vendor" value="Azul Systems, Inc."/>
    <property name="java.vm.version" value="11.0.12+7-LTS"/>
    <property name="sun.io.unicode.encoding" value="UnicodeBig"/>
    <property name="java.class.version" value="55.0"/>
  </properties>
  <testcase name="testInsert" classname="com.company.project.CompanyFrameApplicationTests" time="0.237"/>
  <testcase name="insertStudent" classname="com.company.project.CompanyFrameApplicationTests" time="1.061"/>
</testsuite>